<?xml version="1.0" encoding="UTF-8"?>
<testng-results ignored="0" total="1" passed="1" failed="0" skipped="0">
  <reporter-output>
  </reporter-output>
  <suite started-at="2023-01-04T01:20:04Z" name="Default suite" finished-at="2023-01-04T01:20:24Z" duration-ms="19353">
    <groups>
    </groups>
    <test started-at="2023-01-04T01:20:04Z" name="Default test" finished-at="2023-01-04T01:20:24Z" duration-ms="19353">
      <class name="test.CreateNewAccountPageTest">
        <test-method is-config="true" signature="setUp()[pri:0, instance:test.CreateNewAccountPageTest@5167f57d]" started-at="2023-01-03T19:20:01Z" name="setUp" finished-at="2023-01-03T19:20:04Z" duration-ms="2884" status="PASS">
          <reporter-output>
          </reporter-output>
        </test-method> <!-- setUp -->
        <test-method signature="createnewaccountPagetest(java.lang.String, java.lang.String, java.lang.String, java.lang.String, java.lang.String, java.lang.String, java.lang.String, java.lang.String, java.lang.String)[pri:0, instance:test.CreateNewAccountPageTest@5167f57d]" started-at="2023-01-03T19:20:05Z" name="createnewaccountPagetest" data-provider="fbSignup" finished-at="2023-01-03T19:20:24Z" duration-ms="18848" status="PASS">
          <params>
            <param index="0">
              <value>
                <![CDATA[Tarekul]]>
              </value>
            </param>
            <param index="1">
              <value>
                <![CDATA[Islam]]>
              </value>
            </param>
            <param index="2">
              <value>
                <![CDATA[opu@opu.com]]>
              </value>
            </param>
            <param index="3">
              <value>
                <![CDATA[opu@opu.com]]>
              </value>
            </param>
            <param index="4">
              <value>
                <![CDATA[12345]]>
              </value>
            </param>
            <param index="5">
              <value>
                <![CDATA[Apr]]>
              </value>
            </param>
            <param index="6">
              <value>
                <![CDATA[4]]>
              </value>
            </param>
            <param index="7">
              <value>
                <![CDATA[1988]]>
              </value>
            </param>
            <param index="8">
              <value>
                <![CDATA[Male]]>
              </value>
            </param>
          </params>
          <reporter-output>
          </reporter-output>
        </test-method> <!-- createnewaccountPagetest -->
      </class> <!-- test.CreateNewAccountPageTest -->
    </test> <!-- Default test -->
  </suite> <!-- Default suite -->
</testng-results>
